<?xml version="1.0" encoding="UTF-8"?>
<!-- Generated by org.testng.reporters.JUnitReportReporter -->
<testsuite skipped="0" name="com.demo.tests.AddingProductsScenarios" tests="6" failures="0" timestamp="11 Nov 2021 05:59:30 GMT" time="78.973" errors="0">
  <testcase name="addingProducts" time="32.796" classname="com.demo.tests.AddingProductsScenarios"/>
  <testcase name="adjustQuantityOfItems" time="0.528" classname="com.demo.tests.AddingProductsScenarios"/>
  <testcase name="adjustSize" time="0.702" classname="com.demo.tests.AddingProductsScenarios"/>
  <testcase name="applyPromoCode" time="8.735" classname="com.demo.tests.AddingProductsScenarios"/>
  <testcase name="verifyProceedToCheckOutBtn" time="4.829" classname="com.demo.tests.AddingProductsScenarios"/>
  <testcase name="deleteProduct" time="31.383" classname="com.demo.tests.AddingProductsScenarios"/>
</testsuite> <!-- com.demo.tests.AddingProductsScenarios -->
