<?xml version="1.0" encoding="UTF-8"?>
<!-- Generated by org.testng.reporters.JUnitReportReporter -->
<testsuite hostname="DESKTOP-PR05UUJ" failures="0" tests="1" name="com.demo.tests.AddProducts" time="0.047" errors="0" timestamp="2021-11-09T15:43:22 IST" skipped="0">
  <testcase classname="com.demo.tests.AddProducts" name="addingProducts" time="0.047"/>
  <system-out/>
</testsuite> <!-- com.demo.tests.AddProducts -->
